<?xml version="1.0" encoding="UTF-8"?>
<testng-results ignored="0" total="2" passed="2" failed="0" skipped="0">
  <reporter-output>
  </reporter-output>
  <suite started-at="2024-04-18T15:46:24 CDT" name="Default suite" finished-at="2024-04-18T15:46:37 CDT" duration-ms="13746">
    <groups>
    </groups>
    <test started-at="2024-04-18T15:46:24 CDT" name="Default test" finished-at="2024-04-18T15:46:37 CDT" duration-ms="13746">
      <class name="com.POM.PageObjectModel.TestPage">
        <test-method is-config="true" signature="testDriver(java.lang.String)[pri:0, instance:com.POM.PageObjectModel.TestPage@f78a47e]" started-at="2024-04-18T15:46:24 CDT" name="testDriver" finished-at="2024-04-18T15:46:37 CDT" duration-ms="13338" status="PASS">
          <params>
            <param index="0">
              <value>
                <![CDATA[chrome]]>
              </value>
            </param>
          </params>
          <reporter-output>
          </reporter-output>
        </test-method> <!-- testDriver -->
        <test-method signature="first_test()[pri:0, instance:com.POM.PageObjectModel.TestPage@f78a47e]" started-at="2024-04-18T15:46:37 CDT" name="first_test" finished-at="2024-04-18T15:46:37 CDT" duration-ms="104" status="PASS">
          <reporter-output>
          </reporter-output>
        </test-method> <!-- first_test -->
        <test-method signature="second_test()[pri:0, instance:com.POM.PageObjectModel.TestPage@f78a47e]" started-at="2024-04-18T15:46:37 CDT" name="second_test" finished-at="2024-04-18T15:46:37 CDT" duration-ms="93" status="PASS">
          <reporter-output>
          </reporter-output>
        </test-method> <!-- second_test -->
        <test-method is-config="true" signature="closeBrowser()[pri:0, instance:com.POM.PageObjectModel.TestPage@f78a47e]" started-at="2024-04-18T15:46:37 CDT" name="closeBrowser" finished-at="2024-04-18T15:46:37 CDT" duration-ms="175" status="PASS">
          <reporter-output>
          </reporter-output>
        </test-method> <!-- closeBrowser -->
      </class> <!-- com.POM.PageObjectModel.TestPage -->
    </test> <!-- Default test -->
  </suite> <!-- Default suite -->
</testng-results>
